<?xml version="1.0" encoding="UTF-8"?>
<!-- Generated by org.testng.reporters.JUnitReportReporter -->
<testsuite hostname="LAP00181" failures="0" tests="2" name="simpleseleniumproj.LoginGmail" time="1.873" errors="0" timestamp="2022-11-26T10:28:23 IST" skipped="0">
  <testcase classname="simpleseleniumproj.LoginGmail" name="openGmailLoginPage" time="1.744"/>
  <system-out/>
  <testcase classname="simpleseleniumproj.LoginGmail" name="loginGmailPage" time="0.129"/>
  <system-out/>
</testsuite> <!-- simpleseleniumproj.LoginGmail -->
