<?xml version="1.0" encoding="UTF-8"?>
<!-- Generated by org.testng.reporters.JUnitReportReporter -->
<testsuite hostname="LAP00181" failures="0" tests="2" name="simpleseleniumproj.LoginFB" time="1.701" errors="0" timestamp="2022-12-22T15:24:35 IST" skipped="0">
  <testcase classname="simpleseleniumproj.LoginFB" name="openFBLoginPage" time="1.477"/>
  <system-out/>
  <testcase classname="simpleseleniumproj.LoginFB" name="loginFBPage" time="0.224"/>
  <system-out/>
</testsuite> <!-- simpleseleniumproj.LoginFB -->
